<?xml version="1.0" encoding="UTF-8"?>
<!-- Generated by org.testng.reporters.JUnitXMLReporter -->
<testsuite hostname="Swarshri-Saraf-INP2MLAP0006.local" ignored="3" name="Default test" tests="1" failures="0" timestamp="23 Jun 2018 18:05:37 GMT" time="23.497" errors="0">
  <testcase name="dragAndDrop" time="23.454" classname="pune.amnora.in.idemia.Gmail.Facebook"/>
  <testcase name="browserBasedAlerts" time="0.0" classname="pune.amnora.in.idemia.Gmail.Facebook">
    <ignored/>
  </testcase> <!-- browserBasedAlerts -->
  <testcase name="switchFrame" time="0.0" classname="pune.amnora.in.idemia.Gmail.Facebook">
    <ignored/>
  </testcase> <!-- switchFrame -->
  <testcase name="f3" time="0.0" classname="pune.amnora.in.idemia.Gmail.Facebook">
    <ignored/>
  </testcase> <!-- f3 -->
</testsuite> <!-- Default test -->
