<?xml version="1.0" encoding="UTF-8"?>
<testng-results skipped="0" failed="0" ignored="3" total="4" passed="1">
  <reporter-output>
  </reporter-output>
  <suite name="Default suite" duration-ms="23497" started-at="2018-06-23T18:05:14Z" finished-at="2018-06-23T18:05:37Z">
    <groups>
    </groups>
    <test name="Default test" duration-ms="23497" started-at="2018-06-23T18:05:14Z" finished-at="2018-06-23T18:05:37Z">
      <class name="pune.amnora.in.idemia.Gmail.Facebook">
        <test-method status="PASS" signature="dragAndDrop()[pri:0, instance:pune.amnora.in.idemia.Gmail.Facebook@29774679]" name="dragAndDrop" duration-ms="23454" started-at="2018-06-23T18:05:14Z" finished-at="2018-06-23T18:05:37Z">
          <reporter-output>
          </reporter-output>
        </test-method> <!-- dragAndDrop -->
      </class> <!-- pune.amnora.in.idemia.Gmail.Facebook -->
    </test> <!-- Default test -->
  </suite> <!-- Default suite -->
</testng-results>
